  [1m[35m (0.7ms)[0m  [1m[35mCREATE DATABASE `api_development` DEFAULT CHARACTER SET `utf8mb4`[0m
  [1m[35m (0.6ms)[0m  [1m[35mCREATE DATABASE `api_test` DEFAULT CHARACTER SET `utf8mb4`[0m
Started GET "/" for 172.19.0.1 at 2023-08-21 08:53:39 +0000
  [1m[36mActiveRecord::SchemaMigration Pluck (6.6ms)[0m  [1m[34mSELECT `schema_migrations`.`version` FROM `schema_migrations` ORDER BY `schema_migrations`.`version` ASC[0m
Processing by Rails::WelcomeController#index as HTML
  Rendering /usr/local/bundle/gems/railties-7.0.7/lib/rails/templates/rails/welcome/index.html.erb
  Rendered /usr/local/bundle/gems/railties-7.0.7/lib/rails/templates/rails/welcome/index.html.erb (Duration: 8.7ms | Allocations: 635)
Completed 200 OK in 168ms (Views: 44.5ms | ActiveRecord: 0.0ms | Allocations: 7139)


Started GET "/" for 172.19.0.1 at 2023-08-21 08:56:12 +0000
Processing by Rails::WelcomeController#index as HTML
  Rendering /usr/local/bundle/gems/railties-7.0.7/lib/rails/templates/rails/welcome/index.html.erb
  Rendered /usr/local/bundle/gems/railties-7.0.7/lib/rails/templates/rails/welcome/index.html.erb (Duration: 0.9ms | Allocations: 272)
Completed 200 OK in 4ms (Views: 3.0ms | ActiveRecord: 0.0ms | Allocations: 873)


Started GET "/" for 172.19.0.1 at 2023-08-21 09:06:42 +0000
  [1m[36mActiveRecord::SchemaMigration Pluck (0.7ms)[0m  [1m[34mSELECT `schema_migrations`.`version` FROM `schema_migrations` ORDER BY `schema_migrations`.`version` ASC[0m
Processing by Rails::WelcomeController#index as HTML
  Rendering /usr/local/bundle/gems/railties-7.0.7/lib/rails/templates/rails/welcome/index.html.erb
  Rendered /usr/local/bundle/gems/railties-7.0.7/lib/rails/templates/rails/welcome/index.html.erb (Duration: 9.9ms | Allocations: 633)
Completed 200 OK in 135ms (Views: 38.4ms | ActiveRecord: 0.0ms | Allocations: 7091)


  [1m[36mActiveRecord::SchemaMigration Pluck (0.4ms)[0m  [1m[34mSELECT `schema_migrations`.`version` FROM `schema_migrations` ORDER BY `schema_migrations`.`version` ASC[0m
  [1m[36mActiveRecord::InternalMetadata Pluck (3.4ms)[0m  [1m[34mSELECT `ar_internal_metadata`.`value` FROM `ar_internal_metadata` WHERE `ar_internal_metadata`.`key` = 'environment' LIMIT 1[0m
  [1m[36mActiveRecord::SchemaMigration Pluck (0.6ms)[0m  [1m[34mSELECT `schema_migrations`.`version` FROM `schema_migrations` ORDER BY `schema_migrations`.`version` ASC[0m
  [1m[36mActiveRecord::InternalMetadata Pluck (0.4ms)[0m  [1m[34mSELECT `ar_internal_metadata`.`value` FROM `ar_internal_metadata` WHERE `ar_internal_metadata`.`key` = 'environment' LIMIT 1[0m
  [1m[36mActiveRecord::SchemaMigration Pluck (0.4ms)[0m  [1m[34mSELECT `schema_migrations`.`version` FROM `schema_migrations` ORDER BY `schema_migrations`.`version` ASC[0m
  [1m[36mActiveRecord::InternalMetadata Pluck (0.4ms)[0m  [1m[34mSELECT `ar_internal_metadata`.`value` FROM `ar_internal_metadata` WHERE `ar_internal_metadata`.`key` = 'environment' LIMIT 1[0m
  [1m[35m (40.3ms)[0m  [1m[35mDROP DATABASE IF EXISTS `api_development`[0m
  [1m[35m (3.9ms)[0m  [1m[35mDROP DATABASE IF EXISTS `api_test`[0m
  [1m[35m (2.8ms)[0m  [1m[35mCREATE DATABASE `api_development` DEFAULT CHARACTER SET `utf8mb4`[0m
  [1m[35m (3.1ms)[0m  [1m[35mCREATE DATABASE `api_test` DEFAULT CHARACTER SET `utf8mb4`[0m
  [1m[35m (17.3ms)[0m  [1m[35mCREATE TABLE `schema_migrations` (`version` varchar(255) NOT NULL PRIMARY KEY)[0m
  [1m[35m (11.7ms)[0m  [1m[35mCREATE TABLE `ar_internal_metadata` (`key` varchar(255) NOT NULL PRIMARY KEY, `value` varchar(255), `created_at` datetime(6) NOT NULL, `updated_at` datetime(6) NOT NULL)[0m
  [1m[35m (0.8ms)[0m  [1m[34mSELECT GET_LOCK('5878493172211724820', 0)[0m
  [1m[36mActiveRecord::SchemaMigration Pluck (0.8ms)[0m  [1m[34mSELECT `schema_migrations`.`version` FROM `schema_migrations` ORDER BY `schema_migrations`.`version` ASC[0m
Migrating to DeviseTokenAuthCreateUsers (20230821091440)
  [1m[35m (17.8ms)[0m  [1m[35mCREATE TABLE `users` (`id` bigint NOT NULL AUTO_INCREMENT PRIMARY KEY, `provider` varchar(255) DEFAULT 'email' NOT NULL, `uid` varchar(255) DEFAULT '' NOT NULL, `encrypted_password` varchar(255) DEFAULT '' NOT NULL, `reset_password_token` varchar(255), `reset_password_sent_at` datetime(6), `allow_password_change` tinyint(1) DEFAULT FALSE, `remember_created_at` datetime(6), `confirmation_token` varchar(255), `confirmed_at` datetime(6), `confirmation_sent_at` datetime(6), `unconfirmed_email` varchar(255), `name` varchar(255), `nickname` varchar(255), `image` varchar(255), `email` varchar(255), `tokens` text, `created_at` datetime(6) NOT NULL, `updated_at` datetime(6) NOT NULL)[0m
  [1m[35m (27.5ms)[0m  [1m[35mCREATE UNIQUE INDEX `index_users_on_email` ON `users` (`email`)[0m
  [1m[35m (11.3ms)[0m  [1m[35mCREATE UNIQUE INDEX `index_users_on_uid_and_provider` ON `users` (`uid`, `provider`)[0m
  [1m[35m (13.2ms)[0m  [1m[35mCREATE UNIQUE INDEX `index_users_on_reset_password_token` ON `users` (`reset_password_token`)[0m
  [1m[35m (16.5ms)[0m  [1m[35mCREATE UNIQUE INDEX `index_users_on_confirmation_token` ON `users` (`confirmation_token`)[0m
  [1m[36mTRANSACTION (0.3ms)[0m  [1m[35mBEGIN[0m
  [1m[36mActiveRecord::SchemaMigration Create (7.2ms)[0m  [1m[32mINSERT INTO `schema_migrations` (`version`) VALUES ('20230821091440')[0m
  [1m[36mTRANSACTION (2.5ms)[0m  [1m[35mCOMMIT[0m
  [1m[36mActiveRecord::InternalMetadata Load (0.9ms)[0m  [1m[34mSELECT `ar_internal_metadata`.* FROM `ar_internal_metadata` WHERE `ar_internal_metadata`.`key` = 'environment' LIMIT 1[0m
  [1m[36mTRANSACTION (0.3ms)[0m  [1m[35mBEGIN[0m
  [1m[36mActiveRecord::InternalMetadata Create (0.6ms)[0m  [1m[32mINSERT INTO `ar_internal_metadata` (`key`, `value`, `created_at`, `updated_at`) VALUES ('environment', 'development', '2023-08-21 09:15:29.004249', '2023-08-21 09:15:29.004249')[0m
  [1m[36mTRANSACTION (2.3ms)[0m  [1m[35mCOMMIT[0m
  [1m[35m (0.4ms)[0m  [1m[34mSELECT RELEASE_LOCK('5878493172211724820')[0m
  [1m[36mActiveRecord::SchemaMigration Pluck (0.6ms)[0m  [1m[34mSELECT `schema_migrations`.`version` FROM `schema_migrations` ORDER BY `schema_migrations`.`version` ASC[0m
Started GET "/" for 172.19.0.1 at 2023-08-21 09:15:38 +0000
  
NoMethodError (undefined method `mount_devise_token_auth_for' for #<ActionDispatch::Routing::Mapper:0x00007f2d3688a828 @set=#<ActionDispatch::Routing::RouteSet:0x00007f2d37779438>, @draw_paths=[#<Pathname:/api/config/routes>], @scope=#<ActionDispatch::Routing::Mapper::Scope:0x00007f2d36ac4008 @hash={:path_names=>{:new=>"new", :edit=>"edit"}}, @parent=#<ActionDispatch::Routing::Mapper::Scope:0x00007f2d361b4bc0 @hash=nil, @parent=nil, @scope_level=nil>, @scope_level=nil>, @concerns={}>):
  
config/routes.rb:2:in `block in <main>'
config/routes.rb:1:in `<main>'
Started GET "/favicon.ico" for 172.19.0.1 at 2023-08-21 09:15:38 +0000
  [1m[36mActiveRecord::SchemaMigration Pluck (0.3ms)[0m  [1m[34mSELECT `schema_migrations`.`version` FROM `schema_migrations` ORDER BY `schema_migrations`.`version` ASC[0m
  
ActionController::RoutingError (No route matches [GET] "/favicon.ico"):
  
Started GET "/" for 172.20.0.1 at 2023-08-21 09:19:37 +0000
  [1m[36mActiveRecord::SchemaMigration Pluck (6.8ms)[0m  [1m[34mSELECT `schema_migrations`.`version` FROM `schema_migrations` ORDER BY `schema_migrations`.`version` ASC[0m
Processing by Rails::WelcomeController#index as HTML
  Rendering /usr/local/bundle/gems/railties-7.0.7/lib/rails/templates/rails/welcome/index.html.erb
  Rendered /usr/local/bundle/gems/railties-7.0.7/lib/rails/templates/rails/welcome/index.html.erb (Duration: 12.4ms | Allocations: 631)
Completed 200 OK in 1452ms (Views: 43.5ms | ActiveRecord: 0.0ms | Allocations: 15967)


Started GET "/" for 172.24.0.1 at 2023-08-23 07:06:06 +0000
  [1m[36mActiveRecord::SchemaMigration Pluck (9.9ms)[0m  [1m[34mSELECT `schema_migrations`.`version` FROM `schema_migrations` ORDER BY `schema_migrations`.`version` ASC[0m
Processing by Rails::WelcomeController#index as HTML
  Rendering /usr/local/bundle/gems/railties-7.0.7/lib/rails/templates/rails/welcome/index.html.erb
  Rendered /usr/local/bundle/gems/railties-7.0.7/lib/rails/templates/rails/welcome/index.html.erb (Duration: 9.3ms | Allocations: 631)
Completed 200 OK in 419ms (Views: 40.8ms | ActiveRecord: 0.0ms | Allocations: 16041)


Started POST "/auth" for 172.18.0.1 at 2023-08-24 00:40:51 +0000
  [1m[36mActiveRecord::SchemaMigration Pluck (5.4ms)[0m  [1m[34mSELECT `schema_migrations`.`version` FROM `schema_migrations` ORDER BY `schema_migrations`.`version` ASC[0m
Processing by Auth::RegistrationsController#create as HTML
  Parameters: {"email"=>"user1@test.com", "password"=>"[FILTERED]", "registration"=>{"email"=>"user1@test.com", "password"=>"[FILTERED]"}}
[31mUnpermitted parameter: :registration. Context: { controller: Auth::RegistrationsController, action: create, request: #<ActionDispatch::Request:0x00007fa36e2924f8>, params: {"email"=>"user1@test.com", "password"=>"[FILTERED]", "controller"=>"auth/registrations", "action"=>"create", "registration"=>{"email"=>"user1@test.com", "password"=>"[FILTERED]"}} }[0m
[31mUnpermitted parameter: :registration. Context: { controller: Auth::RegistrationsController, action: create, request: #<ActionDispatch::Request:0x00007fa36e2924f8>, params: {"email"=>"user1@test.com", "password"=>"[FILTERED]", "controller"=>"auth/registrations", "action"=>"create", "registration"=>{"email"=>"user1@test.com", "password"=>"[FILTERED]"}} }[0m
[31mUnpermitted parameter: :registration. Context: { controller: Auth::RegistrationsController, action: create, request: #<ActionDispatch::Request:0x00007fa36e2924f8>, params: {"email"=>"user1@test.com", "password"=>"[FILTERED]", "controller"=>"auth/registrations", "action"=>"create", "registration"=>{"email"=>"user1@test.com", "password"=>"[FILTERED]"}} }[0m
  [1m[36mTRANSACTION (0.3ms)[0m  [1m[35mBEGIN[0m
  [1m[36mUser Exists? (0.3ms)[0m  [1m[34mSELECT 1 AS one FROM `users` WHERE `users`.`email` = 'user1@test.com' AND `users`.`provider` = 'email' LIMIT 1[0m
  [1m[36mUser Create (0.4ms)[0m  [1m[32mINSERT INTO `users` (`provider`, `uid`, `encrypted_password`, `reset_password_token`, `reset_password_sent_at`, `allow_password_change`, `remember_created_at`, `confirmation_token`, `confirmed_at`, `confirmation_sent_at`, `unconfirmed_email`, `name`, `nickname`, `image`, `email`, `tokens`, `created_at`, `updated_at`) VALUES ('email', 'user1@test.com', '$2a$12$yApsh2R1GK2j/1kFr6f.5eXA7mSp25JJauKGKuUhAsXf294hQIDu6', NULL, NULL, FALSE, NULL, NULL, NULL, NULL, NULL, NULL, NULL, NULL, 'user1@test.com', NULL, '2023-08-24 00:40:51.983764', '2023-08-24 00:40:51.983764')[0m
  [1m[36mTRANSACTION (2.7ms)[0m  [1m[35mCOMMIT[0m
  [1m[36mTRANSACTION (0.4ms)[0m  [1m[35mBEGIN[0m
  [1m[36mUser Update (0.5ms)[0m  [1m[33mUPDATE `users` SET `users`.`tokens` = '{\"MCDBHgL4PcpFAo0Vwdy4pA\":{\"token\":\"$2a$10$JMVpaf.nrM/uiRQF1NE3COi8uzuzu3rF9XrkCPzbpamb3UknKXUUm\",\"expiry\":1694047252}}', `users`.`updated_at` = '2023-08-24 00:40:52.073434' WHERE `users`.`id` = 1[0m
  [1m[36mTRANSACTION (1.7ms)[0m  [1m[35mCOMMIT[0m
  [1m[36mUser Load (0.4ms)[0m  [1m[34mSELECT `users`.* FROM `users` WHERE `users`.`id` = 1 LIMIT 1[0m
Completed 200 OK in 467ms (Views: 0.2ms | ActiveRecord: 11.8ms | Allocations: 27725)


Started GET "/auth/sessions" for 172.18.0.1 at 2023-08-24 00:41:04 +0000
Processing by Auth::SessionsController#index as HTML
  [1m[36mUser Load (0.6ms)[0m  [1m[34mSELECT `users`.* FROM `users` WHERE `users`.`uid` = 'user1@test.com' LIMIT 1[0m
  ↳ app/controllers/auth/sessions_controller.rb:3:in `index'
  [1m[36mUser Load (0.7ms)[0m  [1m[34mSELECT `users`.* FROM `users` WHERE `users`.`id` = 1 LIMIT 1[0m
Completed 200 OK in 71ms (Views: 0.4ms | ActiveRecord: 1.3ms | Allocations: 2535)


Started GET "/auth/sessions" for 172.18.0.1 at 2023-08-24 00:41:04 +0000
Processing by Auth::SessionsController#index as HTML
  [1m[36mUser Load (0.6ms)[0m  [1m[34mSELECT `users`.* FROM `users` WHERE `users`.`uid` = 'user1@test.com' LIMIT 1[0m
  ↳ app/controllers/auth/sessions_controller.rb:3:in `index'
  [1m[36mUser Load (0.7ms)[0m  [1m[34mSELECT `users`.* FROM `users` WHERE `users`.`id` = 1 LIMIT 1[0m
Completed 200 OK in 9ms (Views: 0.5ms | ActiveRecord: 1.3ms | Allocations: 1981)


Started GET "/auth/sessions" for 172.18.0.1 at 2023-08-24 00:41:21 +0000
Processing by Auth::SessionsController#index as HTML
  [1m[36mUser Load (0.3ms)[0m  [1m[34mSELECT `users`.* FROM `users` WHERE `users`.`uid` = 'user1@test.com' LIMIT 1[0m
  ↳ app/controllers/auth/sessions_controller.rb:3:in `index'
  [1m[36mUser Load (0.3ms)[0m  [1m[34mSELECT `users`.* FROM `users` WHERE `users`.`id` = 1 LIMIT 1[0m
Completed 200 OK in 5ms (Views: 0.3ms | ActiveRecord: 0.6ms | Allocations: 1990)


Started GET "/auth/sessions" for 172.18.0.1 at 2023-08-24 00:41:21 +0000
Processing by Auth::SessionsController#index as HTML
  [1m[36mUser Load (0.5ms)[0m  [1m[34mSELECT `users`.* FROM `users` WHERE `users`.`uid` = 'user1@test.com' LIMIT 1[0m
  ↳ app/controllers/auth/sessions_controller.rb:3:in `index'
  [1m[36mUser Load (0.5ms)[0m  [1m[34mSELECT `users`.* FROM `users` WHERE `users`.`id` = 1 LIMIT 1[0m
Completed 200 OK in 7ms (Views: 0.3ms | ActiveRecord: 1.0ms | Allocations: 1980)


